#
# There is insufficient memory for the Java Runtime Environment to continue.
# Native memory allocation (mmap) failed to map 536870912 bytes for Failed to commit area from 0x0000000601000000 to 0x0000000621000000 of length 536870912.
# Possible reasons:
#   The system is out of physical RAM or swap space
#   The process is running with CompressedOops enabled, and the Java Heap may be blocking the growth of the native heap
# Possible solutions:
#   Reduce memory load on the system
#   Increase physical memory or swap space
#   Check if swap backing store is full
#   Decrease Java heap size (-Xmx/-Xms)
#   Decrease number of Java threads
#   Decrease Java thread stack sizes (-Xss)
#   Set larger code cache with -XX:ReservedCodeCacheSize=
# This output file may be truncated or incomplete.
#
#  Out of Memory Error (./src/hotspot/os/windows/os_windows.cpp:3387), pid=33324, tid=26784
#
# JRE version:  (11.0.14.1+1) (build )
# Java VM: OpenJDK 64-Bit Server VM (11.0.14.1+1, mixed mode, sharing, tiered, compressed oops, g1 gc, windows-amd64)
# No core dump will be written. Minidumps are not enabled by default on client versions of Windows
#

---------------  S U M M A R Y ------------

Command Line: -Dfile.encoding=UTF-8 

Host: Intel(R) Core(TM) i7-9700K CPU @ 3.60GHz, 8 cores, 31G,  Windows 10 , 64 bit Build 19041 (10.0.19041.4597)
Time: Wed Jul 10 19:42:46 2024 Argentina Standard Time elapsed time: 0.022953 seconds (0d 0h 0m 0s)

---------------  T H R E A D  ---------------

Current thread (0x000001d251935000):  JavaThread "Unknown thread" [_thread_in_vm, id=26784, stack(0x000000266a900000,0x000000266aa00000)]

Stack: [0x000000266a900000,0x000000266aa00000]
Native frames: (J=compiled Java code, j=interpreted, Vv=VM code, C=native code)
V  [jvm.dll+0x61e59a]
V  [jvm.dll+0x7aaca9]
V  [jvm.dll+0x7ac398]
V  [jvm.dll+0x7aca73]
V  [jvm.dll+0x24f9b8]
V  [jvm.dll+0x61b83a]
V  [jvm.dll+0x6100c5]
V  [jvm.dll+0x30772c]
V  [jvm.dll+0x3075b2]
V  [jvm.dll+0x30c2d6]
V  [jvm.dll+0x35272f]
V  [jvm.dll+0x352160]
V  [jvm.dll+0x2e4728]
V  [jvm.dll+0x2e5886]
V  [jvm.dll+0x784b07]
V  [jvm.dll+0x78628f]
V  [jvm.dll+0x35f479]
V  [jvm.dll+0x767aa0]
V  [jvm.dll+0x3ccf1f]
V  [jvm.dll+0x3cf2b1]
C  [jli.dll+0x5207]
C  [ucrtbase.dll+0x21bb2]
C  [KERNEL32.DLL+0x17374]
C  [ntdll.dll+0x4cc91]


---------------  P R O C E S S  ---------------

Threads class SMR info:
_java_thread_list=0x000001d24f641fc0, length=0, elements={
}

Java Threads: ( => current thread )

Other Threads:
  0x000001d25194e000 GCTaskThread "GC Thread#0" [stack: 0x000000266aa00000,0x000000266ab00000] [id=26388]
  0x000001d2519ce000 ConcurrentGCThread "G1 Main Marker" [stack: 0x000000266ab00000,0x000000266ac00000] [id=20212]
  0x000001d2519d1800 ConcurrentGCThread "G1 Conc#0" [stack: 0x000000266ac00000,0x000000266ad00000] [id=31240]

[error occurred during error reporting (printing all threads), id 0xc0000005, EXCEPTION_ACCESS_VIOLATION (0xc0000005) at pc=0x00007ffa2c663ef7]

VM state:not at safepoint (not fully initialized)

VM Mutex/Monitor currently owned by a thread:  ([mutex/lock_event])
[0x000001d251933fe0] Heap_lock - owner thread: 0x000001d251935000

Heap address: 0x0000000601000000, size: 8176 MB, Compressed Oops mode: Non-zero based: 0x0000000601000000
Narrow klass base: 0x0000000000000000, Narrow klass shift: 0

GC Heap History (0 events):
No events

Deoptimization events (0 events):
No events

Classes redefined (0 events):
No events

Internal exceptions (0 events):
No events

Events (1 events):
Event: 0.015 Loaded shared library S:\Unity\2022.3.36f1\Editor\Data\PlaybackEngines\AndroidPlayer\OpenJDK\bin\zip.dll


Dynamic libraries:
0x00007ff6de9a0000 - 0x00007ff6de9ad000 	S:\Unity\2022.3.36f1\Editor\Data\PlaybackEngines\AndroidPlayer\OpenJDK\bin\java.exe
0x00007ffb5e9f0000 - 0x00007ffb5ebe8000 	C:\WINDOWS\SYSTEM32\ntdll.dll
0x00007ffb5d220000 - 0x00007ffb5d2e1000 	C:\WINDOWS\System32\KERNEL32.DLL
0x00007ffb5c6c0000 - 0x00007ffb5c9b6000 	C:\WINDOWS\System32\KERNELBASE.dll
0x00007ffb59500000 - 0x00007ffb59594000 	C:\WINDOWS\SYSTEM32\apphelp.dll
0x00007ffb5c420000 - 0x00007ffb5c520000 	C:\WINDOWS\System32\ucrtbase.dll
0x00007ffacdaa0000 - 0x00007ffacdab5000 	S:\Unity\2022.3.36f1\Editor\Data\PlaybackEngines\AndroidPlayer\OpenJDK\bin\VCRUNTIME140.dll
0x00007ffacda80000 - 0x00007ffacda97000 	S:\Unity\2022.3.36f1\Editor\Data\PlaybackEngines\AndroidPlayer\OpenJDK\bin\jli.dll
0x00007ffb5cb70000 - 0x00007ffb5cd0f000 	C:\WINDOWS\System32\USER32.dll
0x00007ffb50070000 - 0x00007ffb5030a000 	C:\WINDOWS\WinSxS\amd64_microsoft.windows.common-controls_6595b64144ccf1df_6.0.19041.4355_none_60b8b9eb71f62e16\COMCTL32.dll
0x00007ffb5e840000 - 0x00007ffb5e8de000 	C:\WINDOWS\System32\msvcrt.dll
0x00007ffb5c9f0000 - 0x00007ffb5ca12000 	C:\WINDOWS\System32\win32u.dll
0x00007ffb5d420000 - 0x00007ffb5d44b000 	C:\WINDOWS\System32\GDI32.dll
0x00007ffb5c0a0000 - 0x00007ffb5c1b7000 	C:\WINDOWS\System32\gdi32full.dll
0x00007ffb5c520000 - 0x00007ffb5c5bd000 	C:\WINDOWS\System32\msvcp_win.dll
0x00007ffb5e4b0000 - 0x00007ffb5e4df000 	C:\WINDOWS\System32\IMM32.DLL
0x00007ffacd9e0000 - 0x00007ffacda7b000 	S:\Unity\2022.3.36f1\Editor\Data\PlaybackEngines\AndroidPlayer\OpenJDK\bin\msvcp140.dll
0x00007ffa2c370000 - 0x00007ffa2cef1000 	S:\Unity\2022.3.36f1\Editor\Data\PlaybackEngines\AndroidPlayer\OpenJDK\bin\server\jvm.dll
0x00007ffb5cdf0000 - 0x00007ffb5cea0000 	C:\WINDOWS\System32\ADVAPI32.dll
0x00007ffb5cad0000 - 0x00007ffb5cb70000 	C:\WINDOWS\System32\sechost.dll
0x00007ffb5d0f0000 - 0x00007ffb5d213000 	C:\WINDOWS\System32\RPCRT4.dll
0x00007ffb5c9c0000 - 0x00007ffb5c9e7000 	C:\WINDOWS\System32\bcrypt.dll
0x00007ffb5e7b0000 - 0x00007ffb5e7b8000 	C:\WINDOWS\System32\PSAPI.DLL
0x00007ffb550e0000 - 0x00007ffb550ea000 	C:\WINDOWS\SYSTEM32\VERSION.dll
0x00007ffb419c0000 - 0x00007ffb419c9000 	C:\WINDOWS\SYSTEM32\WSOCK32.dll
0x00007ffb52cb0000 - 0x00007ffb52cd7000 	C:\WINDOWS\SYSTEM32\WINMM.dll
0x00007ffb5d3b0000 - 0x00007ffb5d41b000 	C:\WINDOWS\System32\WS2_32.dll
0x00007ffb59f00000 - 0x00007ffb59f12000 	C:\WINDOWS\SYSTEM32\kernel.appcore.dll
0x00007ffacd9d0000 - 0x00007ffacd9e0000 	S:\Unity\2022.3.36f1\Editor\Data\PlaybackEngines\AndroidPlayer\OpenJDK\bin\verify.dll
0x00007ffb508f0000 - 0x00007ffb50ad4000 	C:\WINDOWS\SYSTEM32\DBGHELP.DLL
0x00007ffb2a240000 - 0x00007ffb2a274000 	C:\WINDOWS\SYSTEM32\dbgcore.DLL
0x00007ffb5c320000 - 0x00007ffb5c3a2000 	C:\WINDOWS\System32\bcryptPrimitives.dll
0x00007ffacd9a0000 - 0x00007ffacd9c8000 	S:\Unity\2022.3.36f1\Editor\Data\PlaybackEngines\AndroidPlayer\OpenJDK\bin\java.dll
0x00007ffacd990000 - 0x00007ffacd99a000 	S:\Unity\2022.3.36f1\Editor\Data\PlaybackEngines\AndroidPlayer\OpenJDK\bin\jimage.dll
0x00007ffacd970000 - 0x00007ffacd988000 	S:\Unity\2022.3.36f1\Editor\Data\PlaybackEngines\AndroidPlayer\OpenJDK\bin\zip.dll

dbghelp: loaded successfully - version: 4.0.5 - missing functions: none
symbol engine: initialized successfully - sym options: 0x614 - pdb path: .;S:\Unity\2022.3.36f1\Editor\Data\PlaybackEngines\AndroidPlayer\OpenJDK\bin;C:\WINDOWS\SYSTEM32;C:\WINDOWS\WinSxS\amd64_microsoft.windows.common-controls_6595b64144ccf1df_6.0.19041.4355_none_60b8b9eb71f62e16;S:\Unity\2022.3.36f1\Editor\Data\PlaybackEngines\AndroidPlayer\OpenJDK\bin\server

VM Arguments:
jvm_args: -Dfile.encoding=UTF-8 
java_command: <unknown>
java_class_path (initial): <not set>
Launcher Type: SUN_STANDARD

[Global flags]
     intx CICompilerCount                          = 4                                         {product} {ergonomic}
     uint ConcGCThreads                            = 2                                         {product} {ergonomic}
     uint G1ConcRefinementThreads                  = 8                                         {product} {ergonomic}
   size_t G1HeapRegionSize                         = 2097152                                   {product} {ergonomic}
    uintx GCDrainStackTargetSize                   = 64                                        {product} {ergonomic}
   size_t InitialHeapSize                          = 536870912                                 {product} {ergonomic}
   size_t MarkStackSize                            = 4194304                                   {product} {ergonomic}
   size_t MaxHeapSize                              = 8573157376                                {product} {ergonomic}
   size_t MinHeapDeltaBytes                        = 2097152                                   {product} {ergonomic}
    uintx NonNMethodCodeHeapSize                   = 5836300                                {pd product} {ergonomic}
    uintx NonProfiledCodeHeapSize                  = 122910970                              {pd product} {ergonomic}
    uintx ProfiledCodeHeapSize                     = 122910970                              {pd product} {ergonomic}
    uintx ReservedCodeCacheSize                    = 251658240                              {pd product} {ergonomic}
     bool SegmentedCodeCache                       = true                                      {product} {ergonomic}
     bool UseCompressedClassPointers               = true                                 {lp64_product} {ergonomic}
     bool UseCompressedOops                        = true                                 {lp64_product} {ergonomic}
     bool UseG1GC                                  = true                                      {product} {ergonomic}
     bool UseLargePagesIndividualAllocation        = false                                  {pd product} {ergonomic}

Logging:
Log output configuration:
 #0: stdout all=warning uptime,level,tags
 #1: stderr all=off uptime,level,tags

Environment Variables:
JAVA_HOME=C:\Program Files\Java\jdk-19
JAVA_TOOL_OPTIONS=-Dfile.encoding=UTF-8
PATH=C:\Python311\Scripts\;C:\Python311\;C:\Program Files\Common Files\Oracle\Java\javapath;C:\Program Files (x86)\Common Files\Oracle\Java\javapath;D:\bin;C:\xampp\php;C:\Windows\system32;C:\Windows;C:\Windows\System32\Wbem;C:\Windows\System32\WindowsPowerShell\v1.0\;C:\Windows\System32\OpenSSH\;C:\Program Files\NVIDIA Corporation\NVIDIA NvDLISR;C:\Program Files (x86)\NVIDIA Corporation\PhysX\Common;C:\ProgramData\chocolatey\bin;C:\WINDOWS\system32;C:\WINDOWS;C:\WINDOWS\System32\Wbem;C:\WINDOWS\System32\WindowsPowerShell\v1.0\;C:\WINDOWS\System32\OpenSSH\;C:\Program Files\Git\cmd;C:\libwebp-1.1.0-windows-x64\bin;C:\Program Files\7-Zip;C:\Program Files\dotnet\;C:\Program Files (x86)\ZeroTier\One\;C:\Program Files (x86)\Microsoft SQL Server\150\DTS\Binn\;C:\Program Files\Azure Data Studio\bin;C:\Program Files\Git LFS;C:\maven\bin;C:\Program Files\Java\jdk-19\bin;C:\Program Files\Microsoft SQL Server\Client SDK\ODBC\170\Tools\Binn\;C:\Program Files (x86)\Microsoft SQL Server\150\Tools\Binn\;C:\Program Files\Microsoft SQL Server\150\Tools\Binn\;C:\Program Files\Microsoft SQL Server\150\DTS\Binn\;C:\Users\leand\AppData\Roaming\nvm;C:\Program Files\nodejs;C:\Program Files\nodejs\;C:\Program Files\Docker\Docker\resources\bin;S:\Amazon AWS\;C:\Users\leand\AppData\Local\Programs\Python\Python39\Scripts\;C:\Users\leand\AppData\Local\Programs\Python\Python39\;C:\Users\leand\.dotnet\tools;C:\Users\leand\AppData\Local\Microsoft\WindowsApps;C:\Program Files\Azure Data Studio\bin;C:\Users\leand\AppData\Local\GitHubDesktop\bin;C:\Users\leand\AppData\Local\Programs\Microsoft VS Code\bin;C:\Program Files\JetBrains\JetBrains Rider 2022.2.2\bin;;C:\maven\bin;C:\Users\leand\AppData\Roaming\nvm;C:\Program Files\nodejs;D:\DataGrip 2023.1\bin;;C:\Users\leand\AppData\Roaming\npm
USERNAME=leand
OS=Windows_NT
PROCESSOR_IDENTIFIER=Intel64 Family 6 Model 158 Stepping 12, GenuineIntel



---------------  S Y S T E M  ---------------

OS: Windows 10 , 64 bit Build 19041 (10.0.19041.4597)
OS uptime: 0 days 9:38 hours
Hyper-V role detected

CPU:total 8 (initial active 8) (8 cores per cpu, 1 threads per core) family 6 model 158 stepping 12 microcode 0xae, cmov, cx8, fxsr, mmx, sse, sse2, sse3, ssse3, sse4.1, sse4.2, popcnt, avx, avx2, aes, clmul, erms, rtm, 3dnowpref, lzcnt, tsc, tscinvbit, bmi1, bmi2, adx, fma

Memory: 4k page, system-wide physical 32701M (7327M free)
TotalPageFile size 37857M (AvailPageFile size 153M)
current process WorkingSet (physical memory assigned to process): 11M, peak: 11M
current process commit charge ("private bytes"): 61M, peak: 572M

vm_info: OpenJDK 64-Bit Server VM (11.0.14.1+1) for windows-amd64 JRE (11.0.14.1+1), built on Feb  9 2022 01:48:27 by "" with unknown MS VC++:1916

END.
