#
# There is insufficient memory for the Java Runtime Environment to continue.
# Native memory allocation (mmap) failed to map 536870912 bytes for G1 virtual space
# Possible reasons:
#   The system is out of physical RAM or swap space
#   The process is running with CompressedOops enabled, and the Java Heap may be blocking the growth of the native heap
# Possible solutions:
#   Reduce memory load on the system
#   Increase physical memory or swap space
#   Check if swap backing store is full
#   Decrease Java heap size (-Xmx/-Xms)
#   Decrease number of Java threads
#   Decrease Java thread stack sizes (-Xss)
#   Set larger code cache with -XX:ReservedCodeCacheSize=
#   JVM is running with Zero Based Compressed Oops mode in which the Java heap is
#     placed in the first 32GB address space. The Java Heap base address is the
#     maximum limit for the native heap growth. Please use -XX:HeapBaseMinAddress
#     to set the Java Heap base and to place the Java Heap above 32GB virtual address.
# This output file may be truncated or incomplete.
#
#  Out of Memory Error (os_windows.cpp:3527), pid=32040, tid=33124
#
# JRE version:  (19.0.1+10) (build )
# Java VM: Java HotSpot(TM) 64-Bit Server VM (19.0.1+10-21, mixed mode, sharing, tiered, compressed oops, compressed class ptrs, g1 gc, windows-amd64)
# No core dump will be written. Minidumps are not enabled by default on client versions of Windows
#

---------------  S U M M A R Y ------------

Command Line: -Dfile.encoding=UTF-8 

Host: Intel(R) Core(TM) i7-9700K CPU @ 3.60GHz, 8 cores, 31G,  Windows 10 , 64 bit Build 19041 (10.0.19041.4597)
Time: Wed Jul 10 19:44:13 2024 Argentina Standard Time elapsed time: 0.009548 seconds (0d 0h 0m 0s)

---------------  T H R E A D  ---------------

Current thread (0x0000015f9d9cd5a0):  JavaThread "Unknown thread" [_thread_in_vm, id=33124, stack(0x0000002bf0100000,0x0000002bf0200000)]

Stack: [0x0000002bf0100000,0x0000002bf0200000]
Native frames: (J=compiled Java code, j=interpreted, Vv=VM code, C=native code)
V  [jvm.dll+0x6ee8fa]
V  [jvm.dll+0x857a1e]
V  [jvm.dll+0x85940e]
V  [jvm.dll+0x859ac3]
V  [jvm.dll+0x28291f]
V  [jvm.dll+0x6eb6e9]
V  [jvm.dll+0x6e028a]
V  [jvm.dll+0x357136]
V  [jvm.dll+0x35eb96]
V  [jvm.dll+0x3b555e]
V  [jvm.dll+0x3b578f]
V  [jvm.dll+0x32c6ea]
V  [jvm.dll+0x32d59e]
V  [jvm.dll+0x821b20]
V  [jvm.dll+0x3c27c1]
V  [jvm.dll+0x8022f1]
V  [jvm.dll+0x44b30f]
V  [jvm.dll+0x44cc91]
C  [jli.dll+0x5287]
C  [ucrtbase.dll+0x21bb2]
C  [KERNEL32.DLL+0x17374]
C  [ntdll.dll+0x4cc91]


---------------  P R O C E S S  ---------------

Threads class SMR info:
_java_thread_list=0x00007ffa2cdbd048, length=0, elements={
}

Java Threads: ( => current thread )

Other Threads:
  0x0000015f9da7c010 WorkerThread "GC Thread#0" [stack: 0x0000002bf0200000,0x0000002bf0300000] [id=30988]
  0x0000015fc7be0270 ConcurrentGCThread "G1 Main Marker" [stack: 0x0000002bf0300000,0x0000002bf0400000] [id=32992]
  0x0000015fc7be0bb0 WorkerThread "G1 Conc#0" [stack: 0x0000002bf0400000,0x0000002bf0500000] [id=7880]

[error occurred during error reporting (printing all threads), id 0xc0000005, EXCEPTION_ACCESS_VIOLATION (0xc0000005) at pc=0x00007ffa2c57d127]

VM state: not at safepoint (not fully initialized)

VM Mutex/Monitor currently owned by a thread:  ([mutex/lock_event])
[0x0000015f9d9cb1e0] Heap_lock - owner thread: 0x0000015f9d9cd5a0

Heap address: 0x0000000601000000, size: 8176 MB, Compressed Oops mode: Zero based, Oop shift amount: 3

CDS archive(s) mapped at: [0x0000000000000000-0x0000000000000000-0x0000000000000000), size 0, SharedBaseAddress: 0x0000000800000000, ArchiveRelocationMode: 0.
Narrow klass base: 0x0000000000000000, Narrow klass shift: 0, Narrow klass range: 0x0

GC Precious Log:
 CardTable entry size: 512
 Card Set container configuration: InlinePtr #cards 4 size 8 Array Of Cards #cards 32 size 80 Howl #buckets 8 coarsen threshold 7372 Howl Bitmap #cards 1024 size 144 coarsen threshold 921 Card regions per heap region 1 cards per card region 8192

Heap:
 garbage-first heap   total 0K, used 0K [0x0000000601000000, 0x0000000800000000)
  region size 4096K, 0 young (0K), 0 survivors (0K)

[error occurred during error reporting (printing heap information), id 0xc0000005, EXCEPTION_ACCESS_VIOLATION (0xc0000005) at pc=0x00007ffa2c986959]

GC Heap History (0 events):
No events

Dll operation events (1 events):
Event: 0.006 Loaded shared library C:\Program Files\Java\jdk-19\bin\java.dll

Deoptimization events (0 events):
No events

Classes loaded (0 events):
No events

Classes unloaded (0 events):
No events

Classes redefined (0 events):
No events

Internal exceptions (0 events):
No events

VM Operations (0 events):
No events

Events (0 events):
No events


Dynamic libraries:
0x00007ff6f0be0000 - 0x00007ff6f0bf0000 	C:\Program Files\Java\jdk-19\bin\java.exe
0x00007ffb5e9f0000 - 0x00007ffb5ebe8000 	C:\WINDOWS\SYSTEM32\ntdll.dll
0x00007ffb5d220000 - 0x00007ffb5d2e1000 	C:\WINDOWS\System32\KERNEL32.DLL
0x00007ffb5c6c0000 - 0x00007ffb5c9b6000 	C:\WINDOWS\System32\KERNELBASE.dll
0x00007ffb59500000 - 0x00007ffb59594000 	C:\WINDOWS\SYSTEM32\apphelp.dll
0x00007ffb5c420000 - 0x00007ffb5c520000 	C:\WINDOWS\System32\ucrtbase.dll
0x00007ffacda00000 - 0x00007ffacda18000 	C:\Program Files\Java\jdk-19\bin\jli.dll
0x00007ffacd9e0000 - 0x00007ffacd9fb000 	C:\Program Files\Java\jdk-19\bin\VCRUNTIME140.dll
0x00007ffb5cdf0000 - 0x00007ffb5cea0000 	C:\WINDOWS\System32\ADVAPI32.dll
0x00007ffb5e840000 - 0x00007ffb5e8de000 	C:\WINDOWS\System32\msvcrt.dll
0x00007ffb5cad0000 - 0x00007ffb5cb70000 	C:\WINDOWS\System32\sechost.dll
0x00007ffb5d0f0000 - 0x00007ffb5d213000 	C:\WINDOWS\System32\RPCRT4.dll
0x00007ffb5c9c0000 - 0x00007ffb5c9e7000 	C:\WINDOWS\System32\bcrypt.dll
0x00007ffb5cb70000 - 0x00007ffb5cd0f000 	C:\WINDOWS\System32\USER32.dll
0x00007ffb5c9f0000 - 0x00007ffb5ca12000 	C:\WINDOWS\System32\win32u.dll
0x00007ffb50070000 - 0x00007ffb5030a000 	C:\WINDOWS\WinSxS\amd64_microsoft.windows.common-controls_6595b64144ccf1df_6.0.19041.4355_none_60b8b9eb71f62e16\COMCTL32.dll
0x00007ffb5d420000 - 0x00007ffb5d44b000 	C:\WINDOWS\System32\GDI32.dll
0x00007ffb5c0a0000 - 0x00007ffb5c1b7000 	C:\WINDOWS\System32\gdi32full.dll
0x00007ffb5c520000 - 0x00007ffb5c5bd000 	C:\WINDOWS\System32\msvcp_win.dll
0x00007ffb550e0000 - 0x00007ffb550ea000 	C:\WINDOWS\SYSTEM32\VERSION.dll
0x00007ffb5e4b0000 - 0x00007ffb5e4df000 	C:\WINDOWS\System32\IMM32.DLL
0x00007ffb1e7e0000 - 0x00007ffb1e7ec000 	C:\Program Files\Java\jdk-19\bin\vcruntime140_1.dll
0x00007ffacd950000 - 0x00007ffacd9de000 	C:\Program Files\Java\jdk-19\bin\msvcp140.dll
0x00007ffa2c240000 - 0x00007ffa2cf00000 	C:\Program Files\Java\jdk-19\bin\server\jvm.dll
0x00007ffb419c0000 - 0x00007ffb419c9000 	C:\WINDOWS\SYSTEM32\WSOCK32.dll
0x00007ffb52cb0000 - 0x00007ffb52cd7000 	C:\WINDOWS\SYSTEM32\WINMM.dll
0x00007ffb5d3b0000 - 0x00007ffb5d41b000 	C:\WINDOWS\System32\WS2_32.dll
0x00007ffb59f00000 - 0x00007ffb59f12000 	C:\WINDOWS\SYSTEM32\kernel.appcore.dll
0x00007ffacd940000 - 0x00007ffacd94a000 	C:\Program Files\Java\jdk-19\bin\jimage.dll
0x00007ffb508f0000 - 0x00007ffb50ad4000 	C:\WINDOWS\SYSTEM32\DBGHELP.DLL
0x00007ffb2a240000 - 0x00007ffb2a274000 	C:\WINDOWS\SYSTEM32\dbgcore.DLL
0x00007ffb5c320000 - 0x00007ffb5c3a2000 	C:\WINDOWS\System32\bcryptPrimitives.dll
0x00007ffacd910000 - 0x00007ffacd936000 	C:\Program Files\Java\jdk-19\bin\java.dll

dbghelp: loaded successfully - version: 4.0.5 - missing functions: none
symbol engine: initialized successfully - sym options: 0x614 - pdb path: .;C:\Program Files\Java\jdk-19\bin;C:\WINDOWS\SYSTEM32;C:\WINDOWS\WinSxS\amd64_microsoft.windows.common-controls_6595b64144ccf1df_6.0.19041.4355_none_60b8b9eb71f62e16;C:\Program Files\Java\jdk-19\bin\server

VM Arguments:
jvm_args: -Dfile.encoding=UTF-8 
java_command: <unknown>
java_class_path (initial): <not set>
Launcher Type: SUN_STANDARD

[Global flags]
     intx CICompilerCount                          = 4                                         {product} {ergonomic}
     uint ConcGCThreads                            = 2                                         {product} {ergonomic}
     uint G1ConcRefinementThreads                  = 8                                         {product} {ergonomic}
   size_t G1HeapRegionSize                         = 4194304                                   {product} {ergonomic}
    uintx GCDrainStackTargetSize                   = 64                                        {product} {ergonomic}
   size_t InitialHeapSize                          = 536870912                                 {product} {ergonomic}
   size_t MarkStackSize                            = 4194304                                   {product} {ergonomic}
   size_t MaxHeapSize                              = 8573157376                                {product} {ergonomic}
   size_t MinHeapDeltaBytes                        = 4194304                                   {product} {ergonomic}
   size_t MinHeapSize                              = 8388608                                   {product} {ergonomic}
    uintx NonNMethodCodeHeapSize                   = 5839372                                {pd product} {ergonomic}
    uintx NonProfiledCodeHeapSize                  = 122909434                              {pd product} {ergonomic}
    uintx ProfiledCodeHeapSize                     = 122909434                              {pd product} {ergonomic}
    uintx ReservedCodeCacheSize                    = 251658240                              {pd product} {ergonomic}
     bool SegmentedCodeCache                       = true                                      {product} {ergonomic}
   size_t SoftMaxHeapSize                          = 8573157376                             {manageable} {ergonomic}
     bool UseCompressedClassPointers               = true                           {product lp64_product} {ergonomic}
     bool UseCompressedOops                        = true                           {product lp64_product} {ergonomic}
     bool UseG1GC                                  = true                                      {product} {ergonomic}
     bool UseLargePagesIndividualAllocation        = false                                  {pd product} {ergonomic}

Logging:
Log output configuration:
 #0: stdout all=warning uptime,level,tags foldmultilines=false
 #1: stderr all=off uptime,level,tags foldmultilines=false

Environment Variables:
JAVA_HOME=C:\Program Files\Java\jdk-19
JAVA_TOOL_OPTIONS=-Dfile.encoding=UTF-8
PATH=C:\Python311\Scripts\;C:\Python311\;C:\Program Files\Common Files\Oracle\Java\javapath;C:\Program Files (x86)\Common Files\Oracle\Java\javapath;D:\bin;C:\xampp\php;C:\Windows\system32;C:\Windows;C:\Windows\System32\Wbem;C:\Windows\System32\WindowsPowerShell\v1.0\;C:\Windows\System32\OpenSSH\;C:\Program Files\NVIDIA Corporation\NVIDIA NvDLISR;C:\Program Files (x86)\NVIDIA Corporation\PhysX\Common;C:\ProgramData\chocolatey\bin;C:\WINDOWS\system32;C:\WINDOWS;C:\WINDOWS\System32\Wbem;C:\WINDOWS\System32\WindowsPowerShell\v1.0\;C:\WINDOWS\System32\OpenSSH\;C:\Program Files\Git\cmd;C:\libwebp-1.1.0-windows-x64\bin;C:\Program Files\7-Zip;C:\Program Files\dotnet\;C:\Program Files (x86)\ZeroTier\One\;C:\Program Files (x86)\Microsoft SQL Server\150\DTS\Binn\;C:\Program Files\Azure Data Studio\bin;C:\Program Files\Git LFS;C:\maven\bin;C:\Program Files\Java\jdk-19\bin;C:\Program Files\Microsoft SQL Server\Client SDK\ODBC\170\Tools\Binn\;C:\Program Files (x86)\Microsoft SQL Server\150\Tools\Binn\;C:\Program Files\Microsoft SQL Server\150\Tools\Binn\;C:\Program Files\Microsoft SQL Server\150\DTS\Binn\;C:\Users\leand\AppData\Roaming\nvm;C:\Program Files\nodejs;C:\Program Files\nodejs\;C:\Program Files\Docker\Docker\resources\bin;S:\Amazon AWS\;C:\Users\leand\AppData\Local\Programs\Python\Python39\Scripts\;C:\Users\leand\AppData\Local\Programs\Python\Python39\;C:\Users\leand\.dotnet\tools;C:\Users\leand\AppData\Local\Microsoft\WindowsApps;C:\Program Files\Azure Data Studio\bin;C:\Users\leand\AppData\Local\GitHubDesktop\bin;C:\Users\leand\AppData\Local\Programs\Microsoft VS Code\bin;C:\Program Files\JetBrains\JetBrains Rider 2022.2.2\bin;;C:\maven\bin;C:\Users\leand\AppData\Roaming\nvm;C:\Program Files\nodejs;D:\DataGrip 2023.1\bin;;C:\Users\leand\AppData\Roaming\npm
USERNAME=leand
OS=Windows_NT
PROCESSOR_IDENTIFIER=Intel64 Family 6 Model 158 Stepping 12, GenuineIntel
TMP=C:\Users\leand\AppData\Local\Temp
TEMP=C:\Users\leand\AppData\Local\Temp



---------------  S Y S T E M  ---------------

OS:
 Windows 10 , 64 bit Build 19041 (10.0.19041.4597)
OS uptime: 0 days 9:39 hours
Hyper-V role detected

CPU: total 8 (initial active 8) (8 cores per cpu, 1 threads per core) family 6 model 158 stepping 12 microcode 0xae, cx8, cmov, fxsr, mmx, 3dnowpref, sse, sse2, sse3, ssse3, sse4.1, sse4.2, popcnt, lzcnt, tsc, tscinvbit, avx, avx2, aes, erms, clmul, bmi1, bmi2, rtm, adx, fma, vzeroupper, clflush, clflushopt, hv, rdtscp

Memory: 4k page, system-wide physical 32701M (7228M free)
TotalPageFile size 37857M (AvailPageFile size 225M)
current process WorkingSet (physical memory assigned to process): 11M, peak: 11M
current process commit charge ("private bytes"): 61M, peak: 572M

vm_info: Java HotSpot(TM) 64-Bit Server VM (19.0.1+10-21) for windows-amd64 JRE (19.0.1+10-21), built on 2022-09-14T12:45:06Z by "mach5one" with MS VC++ 17.1 (VS2022)

END.
